# JRE version: OpenJDK Runtime Environment (8.0_242-b01) (build 1.8.0_242-release-1644-b01)
# Java VM: OpenJDK 64-Bit Server VM (25.242-b01 mixed mode windows-amd64 compressed oops)
Heap:
 PSYoungGen      total 449024K, used 113567K [0x00000000d5580000, 0x00000000fc400000, 0x0000000100000000)
  eden space 373760K, 11% used [0x00000000d5580000,0x00000000d7fa4840,0x00000000ec280000)
  from space 75264K, 93% used [0x00000000ec280000,0x00000000f0743430,0x00000000f0c00000)
  to   space 86528K, 0% used [0x00000000f6f80000,0x00000000f6f80000,0x00000000fc400000)
 ParOldGen       total 345088K, used 126484K [0x0000000080000000, 0x0000000095100000, 0x00000000d5580000)
  object space 345088K, 36% used [0x0000000080000000,0x0000000087b85088,0x0000000095100000)
 Metaspace       used 101075K, capacity 104728K, committed 105128K, reserved 1140736K
  class space    used 12862K, capacity 13623K, committed 13744K, reserved 1048576K
GC Heap History (10 events):
Event: 1161.626 GC heap before
{Heap before GC invocations=15 (full 3):
 PSYoungGen      total 302080K, used 302058K [0x00000000d5580000, 0x00000000edb00000, 0x0000000100000000)
  eden space 276992K, 100% used [0x00000000d5580000,0x00000000e6400000,0x00000000e6400000)
  from space 25088K, 99% used [0x00000000e6400000,0x00000000e7c7aaa0,0x00000000e7c80000)
  to   space 29184K, 0% used [0x00000000ebe80000,0x00000000ebe80000,0x00000000edb00000)
 ParOldGen       total 187904K, used 43149K [0x0000000080000000, 0x000000008b780000, 0x00000000d5580000)
  object space 187904K, 22% used [0x0000000080000000,0x0000000082a23798,0x000000008b780000)
 Metaspace       used 77496K, capacity 80982K, committed 81192K, reserved 1120256K
  class space    used 10277K, capacity 10943K, committed 11056K, reserved 1048576K
Event: 1161.691 GC heap after
Heap after GC invocations=15 (full 3):
 PSYoungGen      total 357888K, used 29177K [0x00000000d5580000, 0x00000000ef080000, 0x0000000100000000)
  eden space 328704K, 0% used [0x00000000d5580000,0x00000000d5580000,0x00000000e9680000)
  from space 29184K, 99% used [0x00000000ebe80000,0x00000000edafe520,0x00000000edb00000)
  to   space 40960K, 0% used [0x00000000e9680000,0x00000000e9680000,0x00000000ebe80000)
 ParOldGen       total 187904K, used 63163K [0x0000000080000000, 0x000000008b780000, 0x00000000d5580000)
  object space 187904K, 33% used [0x0000000080000000,0x0000000083daef20,0x000000008b780000)
 Metaspace       used 77496K, capacity 80982K, committed 81192K, reserved 1120256K
  class space    used 10277K, capacity 10943K, committed 11056K, reserved 1048576K
}
Event: 1171.033 GC heap before
{Heap before GC invocations=16 (full 3):
 PSYoungGen      total 357888K, used 357881K [0x00000000d5580000, 0x00000000ef080000, 0x0000000100000000)
  eden space 328704K, 100% used [0x00000000d5580000,0x00000000e9680000,0x00000000e9680000)
  from space 29184K, 99% used [0x00000000ebe80000,0x00000000edafe520,0x00000000edb00000)
  to   space 40960K, 0% used [0x00000000e9680000,0x00000000e9680000,0x00000000ebe80000)
 ParOldGen       total 187904K, used 63163K [0x0000000080000000, 0x000000008b780000, 0x00000000d5580000)
  object space 187904K, 33% used [0x0000000080000000,0x0000000083daef20,0x000000008b780000)
 Metaspace       used 83309K, capacity 87060K, committed 87208K, reserved 1124352K
  class space    used 10948K, capacity 11685K, committed 11696K, reserved 1048576K
Event: 1171.137 GC heap after
Heap after GC invocations=16 (full 3):
 PSYoungGen      total 369664K, used 40949K [0x00000000d5580000, 0x00000000f4000000, 0x0000000100000000)
  eden space 328704K, 0% used [0x00000000d5580000,0x00000000d5580000,0x00000000e9680000)
  from space 40960K, 99% used [0x00000000e9680000,0x00000000ebe7d490,0x00000000ebe80000)
  to   space 53248K, 0% used [0x00000000f0c00000,0x00000000f0c00000,0x00000000f4000000)
 ParOldGen       total 187904K, used 79003K [0x0000000080000000, 0x000000008b780000, 0x00000000d5580000)
  object space 187904K, 42% used [0x0000000080000000,0x0000000084d26ce0,0x000000008b780000)
 Metaspace       used 83309K, capacity 87060K, committed 87208K, reserved 1124352K
  class space    used 10948K, capacity 11685K, committed 11696K, reserved 1048576K
}
Event: 1177.078 GC heap before
{Heap before GC invocations=17 (full 3):
 PSYoungGen      total 369664K, used 248621K [0x00000000d5580000, 0x00000000f4000000, 0x0000000100000000)
  eden space 328704K, 63% used [0x00000000d5580000,0x00000000e204e080,0x00000000e9680000)
  from space 40960K, 99% used [0x00000000e9680000,0x00000000ebe7d490,0x00000000ebe80000)
  to   space 53248K, 0% used [0x00000000f0c00000,0x00000000f0c00000,0x00000000f4000000)
 ParOldGen       total 187904K, used 79003K [0x0000000080000000, 0x000000008b780000, 0x00000000d5580000)
  object space 187904K, 42% used [0x0000000080000000,0x0000000084d26ce0,0x000000008b780000)
 Metaspace       used 94673K, capacity 98438K, committed 98600K, reserved 1134592K
  class space    used 12150K, capacity 12910K, committed 12976K, reserved 1048576K
Event: 1177.193 GC heap after
Heap after GC invocations=17 (full 3):
 PSYoungGen      total 427008K, used 53239K [0x00000000d5580000, 0x00000000f6a80000, 0x0000000100000000)
  eden space 373760K, 0% used [0x00000000d5580000,0x00000000d5580000,0x00000000ec280000)
  from space 53248K, 99% used [0x00000000f0c00000,0x00000000f3ffde40,0x00000000f4000000)
  to   space 75264K, 0% used [0x00000000ec280000,0x00000000ec280000,0x00000000f0c00000)
 ParOldGen       total 187904K, used 116469K [0x0000000080000000, 0x000000008b780000, 0x00000000d5580000)
  object space 187904K, 61% used [0x0000000080000000,0x00000000871bd460,0x000000008b780000)
 Metaspace       used 94673K, capacity 98438K, committed 98600K, reserved 1134592K
  class space    used 12150K, capacity 12910K, committed 12976K, reserved 1048576K
}
Event: 1177.193 GC heap before
{Heap before GC invocations=18 (full 4):
 PSYoungGen      total 427008K, used 53239K [0x00000000d5580000, 0x00000000f6a80000, 0x0000000100000000)
  eden space 373760K, 0% used [0x00000000d5580000,0x00000000d5580000,0x00000000ec280000)
  from space 53248K, 99% used [0x00000000f0c00000,0x00000000f3ffde40,0x00000000f4000000)
  to   space 75264K, 0% used [0x00000000ec280000,0x00000000ec280000,0x00000000f0c00000)
 ParOldGen       total 187904K, used 116469K [0x0000000080000000, 0x000000008b780000, 0x00000000d5580000)
  object space 187904K, 61% used [0x0000000080000000,0x00000000871bd460,0x000000008b780000)
 Metaspace       used 94673K, capacity 98438K, committed 98600K, reserved 1134592K
  class space    used 12150K, capacity 12910K, committed 12976K, reserved 1048576K
Event: 1177.876 GC heap after
Heap after GC invocations=18 (full 4):
 PSYoungGen      total 427008K, used 0K [0x00000000d5580000, 0x00000000f6a80000, 0x0000000100000000)
  eden space 373760K, 0% used [0x00000000d5580000,0x00000000d5580000,0x00000000ec280000)
  from space 53248K, 0% used [0x00000000f0c00000,0x00000000f0c00000,0x00000000f4000000)
  to   space 75264K, 0% used [0x00000000ec280000,0x00000000ec280000,0x00000000f0c00000)
 ParOldGen       total 345088K, used 126484K [0x0000000080000000, 0x0000000095100000, 0x00000000d5580000)
  object space 345088K, 36% used [0x0000000080000000,0x0000000087b85088,0x0000000095100000)
 Metaspace       used 94559K, capacity 98098K, committed 98600K, reserved 1134592K
  class space    used 12114K, capacity 12846K, committed 12976K, reserved 1048576K
}
Event: 1183.074 GC heap before
{Heap before GC invocations=19 (full 4):
 PSYoungGen      total 427008K, used 373760K [0x00000000d5580000, 0x00000000f6a80000, 0x0000000100000000)
  eden space 373760K, 100% used [0x00000000d5580000,0x00000000ec280000,0x00000000ec280000)
  from space 53248K, 0% used [0x00000000f0c00000,0x00000000f0c00000,0x00000000f4000000)
  to   space 75264K, 0% used [0x00000000ec280000,0x00000000ec280000,0x00000000f0c00000)
 ParOldGen       total 345088K, used 126484K [0x0000000080000000, 0x0000000095100000, 0x00000000d5580000)
  object space 345088K, 36% used [0x0000000080000000,0x0000000087b85088,0x0000000095100000)
 Metaspace       used 99994K, capacity 103672K, committed 103976K, reserved 1140736K
  class space    used 12789K, capacity 13527K, committed 13616K, reserved 1048576K
Event: 1183.194 GC heap after
Heap after GC invocations=19 (full 4):
 PSYoungGen      total 449024K, used 70413K [0x00000000d5580000, 0x00000000fc400000, 0x0000000100000000)
  eden space 373760K, 0% used [0x00000000d5580000,0x00000000d5580000,0x00000000ec280000)
  from space 75264K, 93% used [0x00000000ec280000,0x00000000f0743430,0x00000000f0c00000)
  to   space 86528K, 0% used [0x00000000f6f80000,0x00000000f6f80000,0x00000000fc400000)
 ParOldGen       total 345088K, used 126484K [0x0000000080000000, 0x0000000095100000, 0x00000000d5580000)
  object space 345088K, 36% used [0x0000000080000000,0x0000000087b85088,0x0000000095100000)
 Metaspace       used 99994K, capacity 103672K, committed 103976K, reserved 1140736K
  class space    used 12789K, capacity 13527K, committed 13616K, reserved 1048576K
}

