# JRE version: OpenJDK Runtime Environment (8.0_242-b01) (build 1.8.0_242-release-1644-b01)
# Java VM: OpenJDK 64-Bit Server VM (25.242-b01 mixed mode windows-amd64 compressed oops)
Heap:
 PSYoungGen      total 537088K, used 97284K [0x00000000d5580000, 0x00000000fe000000, 0x0000000100000000)
  eden space 408064K, 9% used [0x00000000d5580000,0x00000000d797eb80,0x00000000ee400000)
  from space 129024K, 46% used [0x00000000ee400000,0x00000000f1f20c50,0x00000000f6200000)
  to   space 110592K, 0% used [0x00000000f7400000,0x00000000f7400000,0x00000000fe000000)
 ParOldGen       total 450560K, used 165928K [0x0000000080000000, 0x000000009b800000, 0x00000000d5580000)
  object space 450560K, 36% used [0x0000000080000000,0x000000008a20a0e0,0x000000009b800000)
 Metaspace       used 106666K, capacity 112780K, committed 113576K, reserved 1148928K
  class space    used 13612K, capacity 14690K, committed 15024K, reserved 1048576K
GC Heap History (10 events):
Event: 103.252 GC heap before
{Heap before GC invocations=28 (full 4):
 PSYoungGen      total 365056K, used 365055K [0x00000000d5580000, 0x00000000f4680000, 0x0000000100000000)
  eden space 329216K, 100% used [0x00000000d5580000,0x00000000e9700000,0x00000000e9700000)
  from space 35840K, 99% used [0x00000000e9700000,0x00000000eb9fffe0,0x00000000eba00000)
  to   space 63488K, 0% used [0x00000000f0880000,0x00000000f0880000,0x00000000f4680000)
 ParOldGen       total 272896K, used 134869K [0x0000000080000000, 0x0000000090a80000, 0x00000000d5580000)
  object space 272896K, 49% used [0x0000000080000000,0x00000000883b5628,0x0000000090a80000)
 Metaspace       used 102547K, capacity 108072K, committed 108328K, reserved 1142784K
  class space    used 13223K, capacity 14327K, committed 14384K, reserved 1048576K
Event: 103.435 GC heap after
Heap after GC invocations=28 (full 4):
 PSYoungGen      total 416256K, used 63480K [0x00000000d5580000, 0x00000000f9980000, 0x0000000100000000)
  eden space 352768K, 0% used [0x00000000d5580000,0x00000000d5580000,0x00000000eae00000)
  from space 63488K, 99% used [0x00000000f0880000,0x00000000f467e308,0x00000000f4680000)
  to   space 92672K, 0% used [0x00000000eae00000,0x00000000eae00000,0x00000000f0880000)
 ParOldGen       total 272896K, used 186927K [0x0000000080000000, 0x0000000090a80000, 0x00000000d5580000)
  object space 272896K, 68% used [0x0000000080000000,0x000000008b68bf28,0x0000000090a80000)
 Metaspace       used 102547K, capacity 108072K, committed 108328K, reserved 1142784K
  class space    used 13223K, capacity 14327K, committed 14384K, reserved 1048576K
}
Event: 105.946 GC heap before
{Heap before GC invocations=29 (full 4):
 PSYoungGen      total 416256K, used 416248K [0x00000000d5580000, 0x00000000f9980000, 0x0000000100000000)
  eden space 352768K, 100% used [0x00000000d5580000,0x00000000eae00000,0x00000000eae00000)
  from space 63488K, 99% used [0x00000000f0880000,0x00000000f467e308,0x00000000f4680000)
  to   space 92672K, 0% used [0x00000000eae00000,0x00000000eae00000,0x00000000f0880000)
 ParOldGen       total 272896K, used 186927K [0x0000000080000000, 0x0000000090a80000, 0x00000000d5580000)
  object space 272896K, 68% used [0x0000000080000000,0x000000008b68bf28,0x0000000090a80000)
 Metaspace       used 104956K, capacity 110994K, committed 111272K, reserved 1146880K
  class space    used 13543K, capacity 14682K, committed 14768K, reserved 1048576K
Event: 106.227 GC heap after
Heap after GC invocations=29 (full 4):
 PSYoungGen      total 445440K, used 92666K [0x00000000d5580000, 0x00000000ff680000, 0x0000000100000000)
  eden space 352768K, 0% used [0x00000000d5580000,0x00000000d5580000,0x00000000eae00000)
  from space 92672K, 99% used [0x00000000eae00000,0x00000000f087eb88,0x00000000f0880000)
  to   space 133632K, 0% used [0x00000000f7400000,0x00000000f7400000,0x00000000ff680000)
 ParOldGen       total 272896K, used 257006K [0x0000000080000000, 0x0000000090a80000, 0x00000000d5580000)
  object space 272896K, 94% used [0x0000000080000000,0x000000008fafb940,0x0000000090a80000)
 Metaspace       used 104956K, capacity 110994K, committed 111272K, reserved 1146880K
  class space    used 13543K, capacity 14682K, committed 14768K, reserved 1048576K
}
Event: 106.227 GC heap before
{Heap before GC invocations=30 (full 5):
 PSYoungGen      total 445440K, used 92666K [0x00000000d5580000, 0x00000000ff680000, 0x0000000100000000)
  eden space 352768K, 0% used [0x00000000d5580000,0x00000000d5580000,0x00000000eae00000)
  from space 92672K, 99% used [0x00000000eae00000,0x00000000f087eb88,0x00000000f0880000)
  to   space 133632K, 0% used [0x00000000f7400000,0x00000000f7400000,0x00000000ff680000)
 ParOldGen       total 272896K, used 257006K [0x0000000080000000, 0x0000000090a80000, 0x00000000d5580000)
  object space 272896K, 94% used [0x0000000080000000,0x000000008fafb940,0x0000000090a80000)
 Metaspace       used 104956K, capacity 110994K, committed 111272K, reserved 1146880K
  class space    used 13543K, capacity 14682K, committed 14768K, reserved 1048576K
Event: 106.986 GC heap after
Heap after GC invocations=30 (full 5):
 PSYoungGen      total 445440K, used 0K [0x00000000d5580000, 0x00000000ff680000, 0x0000000100000000)
  eden space 352768K, 0% used [0x00000000d5580000,0x00000000d5580000,0x00000000eae00000)
  from space 92672K, 0% used [0x00000000eae00000,0x00000000eae00000,0x00000000f0880000)
  to   space 133632K, 0% used [0x00000000f7400000,0x00000000f7400000,0x00000000ff680000)
 ParOldGen       total 450560K, used 165912K [0x0000000080000000, 0x000000009b800000, 0x00000000d5580000)
  object space 450560K, 36% used [0x0000000080000000,0x000000008a2060e0,0x000000009b800000)
 Metaspace       used 104502K, capacity 110136K, committed 111272K, reserved 1146880K
  class space    used 13372K, capacity 14369K, committed 14768K, reserved 1048576K
}
Event: 110.374 GC heap before
{Heap before GC invocations=31 (full 5):
 PSYoungGen      total 445440K, used 352088K [0x00000000d5580000, 0x00000000ff680000, 0x0000000100000000)
  eden space 352768K, 99% used [0x00000000d5580000,0x00000000ead56200,0x00000000eae00000)
  from space 92672K, 0% used [0x00000000eae00000,0x00000000eae00000,0x00000000f0880000)
  to   space 133632K, 0% used [0x00000000f7400000,0x00000000f7400000,0x00000000ff680000)
 ParOldGen       total 450560K, used 165912K [0x0000000080000000, 0x000000009b800000, 0x00000000d5580000)
  object space 450560K, 36% used [0x0000000080000000,0x000000008a2060e0,0x000000009b800000)
 Metaspace       used 105819K, capacity 111558K, committed 112424K, reserved 1146880K
  class space    used 13519K, capacity 14554K, committed 14896K, reserved 1048576K
Event: 110.413 GC heap after
Heap after GC invocations=31 (full 5):
 PSYoungGen      total 518656K, used 26123K [0x00000000d5580000, 0x00000000fe000000, 0x0000000100000000)
  eden space 408064K, 0% used [0x00000000d5580000,0x00000000d5580000,0x00000000ee400000)
  from space 110592K, 23% used [0x00000000f7400000,0x00000000f8d82db0,0x00000000fe000000)
  to   space 129024K, 0% used [0x00000000ee400000,0x00000000ee400000,0x00000000f6200000)
 ParOldGen       total 450560K, used 165920K [0x0000000080000000, 0x000000009b800000, 0x00000000d5580000)
  object space 450560K, 36% used [0x0000000080000000,0x000000008a2080e0,0x000000009b800000)
 Metaspace       used 105819K, capacity 111558K, committed 112424K, reserved 1146880K
  class space    used 13519K, capacity 14554K, committed 14896K, reserved 1048576K
}
Event: 1200.318 GC heap before
{Heap before GC invocations=32 (full 5):
 PSYoungGen      total 518656K, used 434187K [0x00000000d5580000, 0x00000000fe000000, 0x0000000100000000)
  eden space 408064K, 100% used [0x00000000d5580000,0x00000000ee400000,0x00000000ee400000)
  from space 110592K, 23% used [0x00000000f7400000,0x00000000f8d82db0,0x00000000fe000000)
  to   space 129024K, 0% used [0x00000000ee400000,0x00000000ee400000,0x00000000f6200000)
 ParOldGen       total 450560K, used 165920K [0x0000000080000000, 0x000000009b800000, 0x00000000d5580000)
  object space 450560K, 36% used [0x0000000080000000,0x000000008a2080e0,0x000000009b800000)
 Metaspace       used 106664K, capacity 112780K, committed 113576K, reserved 1148928K
  class space    used 13612K, capacity 14690K, committed 15024K, reserved 1048576K
Event: 1200.368 GC heap after
Heap after GC invocations=32 (full 5):
 PSYoungGen      total 537088K, used 60547K [0x00000000d5580000, 0x00000000fe000000, 0x0000000100000000)
  eden space 408064K, 0% used [0x00000000d5580000,0x00000000d5580000,0x00000000ee400000)
  from space 129024K, 46% used [0x00000000ee400000,0x00000000f1f20c50,0x00000000f6200000)
  to   space 110592K, 0% used [0x00000000f7400000,0x00000000f7400000,0x00000000fe000000)
 ParOldGen       total 450560K, used 165928K [0x0000000080000000, 0x000000009b800000, 0x00000000d5580000)
  object space 450560K, 36% used [0x0000000080000000,0x000000008a20a0e0,0x000000009b800000)
 Metaspace       used 106664K, capacity 112780K, committed 113576K, reserved 1148928K
  class space    used 13612K, capacity 14690K, committed 15024K, reserved 1048576K
}

