# JRE version: OpenJDK Runtime Environment (8.0_242-b01) (build 1.8.0_242-release-1644-b01)
# Java VM: OpenJDK 64-Bit Server VM (25.242-b01 mixed mode windows-amd64 compressed oops)
Heap:
 PSYoungGen      total 505344K, used 241555K [0x00000000d5580000, 0x0000000100000000, 0x0000000100000000)
  eden space 323072K, 67% used [0x00000000d5580000,0x00000000e2b7ee18,0x00000000e9100000)
  from space 182272K, 12% used [0x00000000e9100000,0x00000000ea6e5e70,0x00000000f4300000)
  to   space 180224K, 0% used [0x00000000f5000000,0x00000000f5000000,0x0000000100000000)
 ParOldGen       total 415744K, used 214389K [0x0000000080000000, 0x0000000099600000, 0x00000000d5580000)
  object space 415744K, 51% used [0x0000000080000000,0x000000008d15d7d8,0x0000000099600000)
 Metaspace       used 217871K, capacity 225576K, committed 226072K, reserved 1247232K
  class space    used 26115K, capacity 27597K, committed 27696K, reserved 1048576K
GC Heap History (10 events):
Event: 9022.008 GC heap before
{Heap before GC invocations=38 (full 5):
 PSYoungGen      total 478720K, used 400296K [0x00000000d5580000, 0x00000000fea00000, 0x0000000100000000)
  eden space 308736K, 100% used [0x00000000d5580000,0x00000000e8300000,0x00000000e8300000)
  from space 169984K, 53% used [0x00000000f4400000,0x00000000f9d6a368,0x00000000fea00000)
  to   space 183808K, 0% used [0x00000000e8300000,0x00000000e8300000,0x00000000f3680000)
 ParOldGen       total 415744K, used 170698K [0x0000000080000000, 0x0000000099600000, 0x00000000d5580000)
  object space 415744K, 41% used [0x0000000080000000,0x000000008a6b29a8,0x0000000099600000)
 Metaspace       used 201814K, capacity 209284K, committed 209688K, reserved 1232896K
  class space    used 24422K, capacity 25843K, committed 25904K, reserved 1048576K
Event: 9022.151 GC heap after
Heap after GC invocations=38 (full 5):
 PSYoungGen      total 492544K, used 121908K [0x00000000d5580000, 0x0000000100000000, 0x0000000100000000)
  eden space 308736K, 0% used [0x00000000d5580000,0x00000000d5580000,0x00000000e8300000)
  from space 183808K, 66% used [0x00000000e8300000,0x00000000efa0d340,0x00000000f3680000)
  to   space 186880K, 0% used [0x00000000f4980000,0x00000000f4980000,0x0000000100000000)
 ParOldGen       total 415744K, used 210489K [0x0000000080000000, 0x0000000099600000, 0x00000000d5580000)
  object space 415744K, 50% used [0x0000000080000000,0x000000008cd8e768,0x0000000099600000)
 Metaspace       used 201814K, capacity 209284K, committed 209688K, reserved 1232896K
  class space    used 24422K, capacity 25843K, committed 25904K, reserved 1048576K
}
Event: 9024.884 GC heap before
{Heap before GC invocations=39 (full 5):
 PSYoungGen      total 492544K, used 430644K [0x00000000d5580000, 0x0000000100000000, 0x0000000100000000)
  eden space 308736K, 100% used [0x00000000d5580000,0x00000000e8300000,0x00000000e8300000)
  from space 183808K, 66% used [0x00000000e8300000,0x00000000efa0d340,0x00000000f3680000)
  to   space 186880K, 0% used [0x00000000f4980000,0x00000000f4980000,0x0000000100000000)
 ParOldGen       total 415744K, used 210489K [0x0000000080000000, 0x0000000099600000, 0x00000000d5580000)
  object space 415744K, 50% used [0x0000000080000000,0x000000008cd8e768,0x0000000099600000)
 Metaspace       used 202031K, capacity 209546K, committed 209944K, reserved 1232896K
  class space    used 24425K, capacity 25844K, committed 25904K, reserved 1048576K
Event: 9024.913 GC heap after
Heap after GC invocations=39 (full 5):
 PSYoungGen      total 508928K, used 23606K [0x00000000d5580000, 0x0000000100000000, 0x0000000100000000)
  eden space 322048K, 0% used [0x00000000d5580000,0x00000000d5580000,0x00000000e9000000)
  from space 186880K, 12% used [0x00000000f4980000,0x00000000f608d9a8,0x0000000100000000)
  to   space 188416K, 0% used [0x00000000e9000000,0x00000000e9000000,0x00000000f4800000)
 ParOldGen       total 415744K, used 214333K [0x0000000080000000, 0x0000000099600000, 0x00000000d5580000)
  object space 415744K, 51% used [0x0000000080000000,0x000000008d14f7d8,0x0000000099600000)
 Metaspace       used 202031K, capacity 209546K, committed 209944K, reserved 1232896K
  class space    used 24425K, capacity 25844K, committed 25904K, reserved 1048576K
}
Event: 9056.644 GC heap before
{Heap before GC invocations=40 (full 5):
 PSYoungGen      total 508928K, used 345654K [0x00000000d5580000, 0x0000000100000000, 0x0000000100000000)
  eden space 322048K, 100% used [0x00000000d5580000,0x00000000e9000000,0x00000000e9000000)
  from space 186880K, 12% used [0x00000000f4980000,0x00000000f608d9a8,0x0000000100000000)
  to   space 188416K, 0% used [0x00000000e9000000,0x00000000e9000000,0x00000000f4800000)
 ParOldGen       total 415744K, used 214333K [0x0000000080000000, 0x0000000099600000, 0x00000000d5580000)
  object space 415744K, 51% used [0x0000000080000000,0x000000008d14f7d8,0x0000000099600000)
 Metaspace       used 205644K, capacity 213128K, committed 213528K, reserved 1236992K
  class space    used 24721K, capacity 26143K, committed 26160K, reserved 1048576K
Event: 9056.674 GC heap after
Heap after GC invocations=40 (full 5):
 PSYoungGen      total 510464K, used 31332K [0x00000000d5580000, 0x00000000fff80000, 0x0000000100000000)
  eden space 322048K, 0% used [0x00000000d5580000,0x00000000d5580000,0x00000000e9000000)
  from space 188416K, 16% used [0x00000000e9000000,0x00000000eae99358,0x00000000f4800000)
  to   space 187392K, 0% used [0x00000000f4880000,0x00000000f4880000,0x00000000fff80000)
 ParOldGen       total 415744K, used 214381K [0x0000000080000000, 0x0000000099600000, 0x00000000d5580000)
  object space 415744K, 51% used [0x0000000080000000,0x000000008d15b7d8,0x0000000099600000)
 Metaspace       used 205644K, capacity 213128K, committed 213528K, reserved 1236992K
  class space    used 24721K, capacity 26143K, committed 26160K, reserved 1048576K
}
Event: 9058.972 GC heap before
{Heap before GC invocations=41 (full 5):
 PSYoungGen      total 510464K, used 353380K [0x00000000d5580000, 0x00000000fff80000, 0x0000000100000000)
  eden space 322048K, 100% used [0x00000000d5580000,0x00000000e9000000,0x00000000e9000000)
  from space 188416K, 16% used [0x00000000e9000000,0x00000000eae99358,0x00000000f4800000)
  to   space 187392K, 0% used [0x00000000f4880000,0x00000000f4880000,0x00000000fff80000)
 ParOldGen       total 415744K, used 214381K [0x0000000080000000, 0x0000000099600000, 0x00000000d5580000)
  object space 415744K, 51% used [0x0000000080000000,0x000000008d15b7d8,0x0000000099600000)
 Metaspace       used 210639K, capacity 218232K, committed 218648K, reserved 1241088K
  class space    used 25358K, capacity 26819K, committed 26928K, reserved 1048576K
Event: 9059.008 GC heap after
Heap after GC invocations=41 (full 5):
 PSYoungGen      total 499712K, used 44813K [0x00000000d5580000, 0x00000000ff500000, 0x0000000100000000)
  eden space 323072K, 0% used [0x00000000d5580000,0x00000000d5580000,0x00000000e9100000)
  from space 176640K, 25% used [0x00000000f4880000,0x00000000f7443658,0x00000000ff500000)
  to   space 182272K, 0% used [0x00000000e9100000,0x00000000e9100000,0x00000000f4300000)
 ParOldGen       total 415744K, used 214389K [0x0000000080000000, 0x0000000099600000, 0x00000000d5580000)
  object space 415744K, 51% used [0x0000000080000000,0x000000008d15d7d8,0x0000000099600000)
 Metaspace       used 210639K, capacity 218232K, committed 218648K, reserved 1241088K
  class space    used 25358K, capacity 26819K, committed 26928K, reserved 1048576K
}
Event: 10017.328 GC heap before
{Heap before GC invocations=42 (full 5):
 PSYoungGen      total 499712K, used 367885K [0x00000000d5580000, 0x00000000ff500000, 0x0000000100000000)
  eden space 323072K, 100% used [0x00000000d5580000,0x00000000e9100000,0x00000000e9100000)
  from space 176640K, 25% used [0x00000000f4880000,0x00000000f7443658,0x00000000ff500000)
  to   space 182272K, 0% used [0x00000000e9100000,0x00000000e9100000,0x00000000f4300000)
 ParOldGen       total 415744K, used 214389K [0x0000000080000000, 0x0000000099600000, 0x00000000d5580000)
  object space 415744K, 51% used [0x0000000080000000,0x000000008d15d7d8,0x0000000099600000)
 Metaspace       used 210839K, capacity 218440K, committed 218904K, reserved 1241088K
  class space    used 25359K, capacity 26819K, committed 26928K, reserved 1048576K
Event: 10017.370 GC heap after
Heap after GC invocations=42 (full 5):
 PSYoungGen      total 505344K, used 22423K [0x00000000d5580000, 0x0000000100000000, 0x0000000100000000)
  eden space 323072K, 0% used [0x00000000d5580000,0x00000000d5580000,0x00000000e9100000)
  from space 182272K, 12% used [0x00000000e9100000,0x00000000ea6e5e70,0x00000000f4300000)
  to   space 180224K, 0% used [0x00000000f5000000,0x00000000f5000000,0x0000000100000000)
 ParOldGen       total 415744K, used 214389K [0x0000000080000000, 0x0000000099600000, 0x00000000d5580000)
  object space 415744K, 51% used [0x0000000080000000,0x000000008d15d7d8,0x0000000099600000)
 Metaspace       used 210839K, capacity 218440K, committed 218904K, reserved 1241088K
  class space    used 25359K, capacity 26819K, committed 26928K, reserved 1048576K
}

