# JRE version: OpenJDK Runtime Environment (8.0_242-b01) (build 1.8.0_242-release-1644-b01)
# Java VM: OpenJDK 64-Bit Server VM (25.242-b01 mixed mode windows-amd64 compressed oops)
Heap:
 PSYoungGen      total 398848K, used 86163K [0x00000000d5580000, 0x00000000f7080000, 0x0000000100000000)
  eden space 317440K, 1% used [0x00000000d5580000,0x00000000d5a2b0c8,0x00000000e8b80000)
  from space 81408K, 99% used [0x00000000f2100000,0x00000000f7079bf0,0x00000000f7080000)
  to   space 52224K, 0% used [0x00000000e8b80000,0x00000000e8b80000,0x00000000ebe80000)
 ParOldGen       total 301056K, used 184159K [0x0000000080000000, 0x0000000092600000, 0x00000000d5580000)
  object space 301056K, 61% used [0x0000000080000000,0x000000008b3d7d00,0x0000000092600000)
 Metaspace       used 107179K, capacity 112508K, committed 112792K, reserved 1146880K
  class space    used 13884K, capacity 14955K, committed 15024K, reserved 1048576K
GC Heap History (10 events):
Event: 71.877 GC heap before
{Heap before GC invocations=22 (full 4):
 PSYoungGen      total 301056K, used 243163K [0x00000000d5580000, 0x00000000ed200000, 0x0000000100000000)
  eden space 243200K, 99% used [0x00000000d5580000,0x00000000e42f6d10,0x00000000e4300000)
  from space 57856K, 0% used [0x00000000e4300000,0x00000000e4300000,0x00000000e7b80000)
  to   space 55808K, 0% used [0x00000000e9b80000,0x00000000e9b80000,0x00000000ed200000)
 ParOldGen       total 301056K, used 83908K [0x0000000080000000, 0x0000000092600000, 0x00000000d5580000)
  object space 301056K, 27% used [0x0000000080000000,0x00000000851f1148,0x0000000092600000)
 Metaspace       used 104204K, capacity 109058K, committed 109336K, reserved 1144832K
  class space    used 13593K, capacity 14600K, committed 14640K, reserved 1048576K
Event: 71.941 GC heap after
Heap after GC invocations=22 (full 4):
 PSYoungGen      total 332800K, used 33070K [0x00000000d5580000, 0x00000000ed900000, 0x0000000100000000)
  eden space 276992K, 0% used [0x00000000d5580000,0x00000000d5580000,0x00000000e6400000)
  from space 55808K, 59% used [0x00000000e9b80000,0x00000000ebbcbbe8,0x00000000ed200000)
  to   space 56832K, 0% used [0x00000000e6400000,0x00000000e6400000,0x00000000e9b80000)
 ParOldGen       total 301056K, used 83924K [0x0000000080000000, 0x0000000092600000, 0x00000000d5580000)
  object space 301056K, 27% used [0x0000000080000000,0x00000000851f5148,0x0000000092600000)
 Metaspace       used 104204K, capacity 109058K, committed 109336K, reserved 1144832K
  class space    used 13593K, capacity 14600K, committed 14640K, reserved 1048576K
}
Event: 74.090 GC heap before
{Heap before GC invocations=23 (full 4):
 PSYoungGen      total 332800K, used 310062K [0x00000000d5580000, 0x00000000ed900000, 0x0000000100000000)
  eden space 276992K, 100% used [0x00000000d5580000,0x00000000e6400000,0x00000000e6400000)
  from space 55808K, 59% used [0x00000000e9b80000,0x00000000ebbcbbe8,0x00000000ed200000)
  to   space 56832K, 0% used [0x00000000e6400000,0x00000000e6400000,0x00000000e9b80000)
 ParOldGen       total 301056K, used 83924K [0x0000000080000000, 0x0000000092600000, 0x00000000d5580000)
  object space 301056K, 27% used [0x0000000080000000,0x00000000851f5148,0x0000000092600000)
 Metaspace       used 105704K, capacity 110888K, committed 111128K, reserved 1144832K
  class space    used 13717K, capacity 14775K, committed 14896K, reserved 1048576K
Event: 74.124 GC heap after
Heap after GC invocations=23 (full 4):
 PSYoungGen      total 333824K, used 23219K [0x00000000d5580000, 0x00000000ef800000, 0x0000000100000000)
  eden space 276992K, 0% used [0x00000000d5580000,0x00000000d5580000,0x00000000e6400000)
  from space 56832K, 40% used [0x00000000e6400000,0x00000000e7aace58,0x00000000e9b80000)
  to   space 53760K, 0% used [0x00000000ec380000,0x00000000ec380000,0x00000000ef800000)
 ParOldGen       total 301056K, used 83932K [0x0000000080000000, 0x0000000092600000, 0x00000000d5580000)
  object space 301056K, 27% used [0x0000000080000000,0x00000000851f7148,0x0000000092600000)
 Metaspace       used 105704K, capacity 110888K, committed 111128K, reserved 1144832K
  class space    used 13717K, capacity 14775K, committed 14896K, reserved 1048576K
}
Event: 76.715 GC heap before
{Heap before GC invocations=24 (full 4):
 PSYoungGen      total 333824K, used 300211K [0x00000000d5580000, 0x00000000ef800000, 0x0000000100000000)
  eden space 276992K, 100% used [0x00000000d5580000,0x00000000e6400000,0x00000000e6400000)
  from space 56832K, 40% used [0x00000000e6400000,0x00000000e7aace58,0x00000000e9b80000)
  to   space 53760K, 0% used [0x00000000ec380000,0x00000000ec380000,0x00000000ef800000)
 ParOldGen       total 301056K, used 83932K [0x0000000080000000, 0x0000000092600000, 0x00000000d5580000)
  object space 301056K, 27% used [0x0000000080000000,0x00000000851f7148,0x0000000092600000)
 Metaspace       used 106916K, capacity 112258K, committed 112536K, reserved 1146880K
  class space    used 13852K, capacity 14904K, committed 15024K, reserved 1048576K
Event: 76.740 GC heap after
Heap after GC invocations=24 (full 4):
 PSYoungGen      total 364544K, used 12064K [0x00000000d5580000, 0x00000000ef180000, 0x0000000100000000)
  eden space 317440K, 0% used [0x00000000d5580000,0x00000000d5580000,0x00000000e8b80000)
  from space 47104K, 25% used [0x00000000ec380000,0x00000000ecf48058,0x00000000ef180000)
  to   space 52224K, 0% used [0x00000000e8b80000,0x00000000e8b80000,0x00000000ebe80000)
 ParOldGen       total 301056K, used 83940K [0x0000000080000000, 0x0000000092600000, 0x00000000d5580000)
  object space 301056K, 27% used [0x0000000080000000,0x00000000851f9148,0x0000000092600000)
 Metaspace       used 106916K, capacity 112258K, committed 112536K, reserved 1146880K
  class space    used 13852K, capacity 14904K, committed 15024K, reserved 1048576K
}
Event: 77.596 GC heap before
{Heap before GC invocations=25 (full 4):
 PSYoungGen      total 364544K, used 329504K [0x00000000d5580000, 0x00000000ef180000, 0x0000000100000000)
  eden space 317440K, 100% used [0x00000000d5580000,0x00000000e8b80000,0x00000000e8b80000)
  from space 47104K, 25% used [0x00000000ec380000,0x00000000ecf48058,0x00000000ef180000)
  to   space 52224K, 0% used [0x00000000e8b80000,0x00000000e8b80000,0x00000000ebe80000)
 ParOldGen       total 301056K, used 83940K [0x0000000080000000, 0x0000000092600000, 0x00000000d5580000)
  object space 301056K, 27% used [0x0000000080000000,0x00000000851f9148,0x0000000092600000)
 Metaspace       used 106968K, capacity 112270K, committed 112536K, reserved 1146880K
  class space    used 13856K, capacity 14906K, committed 15024K, reserved 1048576K
Event: 77.692 GC heap after
Heap after GC invocations=25 (full 4):
 PSYoungGen      total 369664K, used 52201K [0x00000000d5580000, 0x00000000f7080000, 0x0000000100000000)
  eden space 317440K, 0% used [0x00000000d5580000,0x00000000d5580000,0x00000000e8b80000)
  from space 52224K, 99% used [0x00000000e8b80000,0x00000000ebe7a4c0,0x00000000ebe80000)
  to   space 81408K, 0% used [0x00000000f2100000,0x00000000f2100000,0x00000000f7080000)
 ParOldGen       total 301056K, used 140150K [0x0000000080000000, 0x0000000092600000, 0x00000000d5580000)
  object space 301056K, 46% used [0x0000000080000000,0x00000000888dd8d8,0x0000000092600000)
 Metaspace       used 106968K, capacity 112270K, committed 112536K, reserved 1146880K
  class space    used 13856K, capacity 14906K, committed 15024K, reserved 1048576K
}
Event: 79.119 GC heap before
{Heap before GC invocations=26 (full 4):
 PSYoungGen      total 369664K, used 369641K [0x00000000d5580000, 0x00000000f7080000, 0x0000000100000000)
  eden space 317440K, 100% used [0x00000000d5580000,0x00000000e8b80000,0x00000000e8b80000)
  from space 52224K, 99% used [0x00000000e8b80000,0x00000000ebe7a4c0,0x00000000ebe80000)
  to   space 81408K, 0% used [0x00000000f2100000,0x00000000f2100000,0x00000000f7080000)
 ParOldGen       total 301056K, used 140150K [0x0000000080000000, 0x0000000092600000, 0x00000000d5580000)
  object space 301056K, 46% used [0x0000000080000000,0x00000000888dd8d8,0x0000000092600000)
 Metaspace       used 107034K, capacity 112352K, committed 112536K, reserved 1146880K
  class space    used 13863K, capacity 14909K, committed 15024K, reserved 1048576K
Event: 79.357 GC heap after
Heap after GC invocations=26 (full 4):
 PSYoungGen      total 398848K, used 81382K [0x00000000d5580000, 0x00000000f7080000, 0x0000000100000000)
  eden space 317440K, 0% used [0x00000000d5580000,0x00000000d5580000,0x00000000e8b80000)
  from space 81408K, 99% used [0x00000000f2100000,0x00000000f7079bf0,0x00000000f7080000)
  to   space 52224K, 0% used [0x00000000e8b80000,0x00000000e8b80000,0x00000000ebe80000)
 ParOldGen       total 301056K, used 184159K [0x0000000080000000, 0x0000000092600000, 0x00000000d5580000)
  object space 301056K, 61% used [0x0000000080000000,0x000000008b3d7d00,0x0000000092600000)
 Metaspace       used 107034K, capacity 112352K, committed 112536K, reserved 1146880K
  class space    used 13863K, capacity 14909K, committed 15024K, reserved 1048576K
}

