# JRE version: OpenJDK Runtime Environment (8.0_242-b01) (build 1.8.0_242-release-1644-b01)
# Java VM: OpenJDK 64-Bit Server VM (25.242-b01 mixed mode windows-amd64 compressed oops)
Heap:
 PSYoungGen      total 504320K, used 260215K [0x00000000d5580000, 0x0000000100000000, 0x0000000100000000)
  eden space 362496K, 32% used [0x00000000d5580000,0x00000000dc921740,0x00000000eb780000)
  from space 141824K, 99% used [0x00000000eb780000,0x00000000f41fc720,0x00000000f4200000)
  to   space 177664K, 0% used [0x00000000f5280000,0x00000000f5280000,0x0000000100000000)
 ParOldGen       total 459264K, used 171510K [0x0000000080000000, 0x000000009c080000, 0x00000000d5580000)
  object space 459264K, 37% used [0x0000000080000000,0x000000008a77da10,0x000000009c080000)
 Metaspace       used 238470K, capacity 246522K, committed 246784K, reserved 1265664K
  class space    used 28937K, capacity 30438K, committed 30488K, reserved 1048576K
GC Heap History (10 events):
Event: 1794.749 GC heap before
{Heap before GC invocations=39 (full 6):
 PSYoungGen      total 537088K, used 485934K [0x00000000d5580000, 0x00000000fff00000, 0x0000000100000000)
  eden space 386560K, 100% used [0x00000000d5580000,0x00000000ecf00000,0x00000000ecf00000)
  from space 150528K, 66% used [0x00000000f6c00000,0x00000000fcd0bb30,0x00000000fff00000)
  to   space 155648K, 0% used [0x00000000ecf00000,0x00000000ecf00000,0x00000000f6700000)
 ParOldGen       total 459264K, used 171470K [0x0000000080000000, 0x000000009c080000, 0x00000000d5580000)
  object space 459264K, 37% used [0x0000000080000000,0x000000008a773a10,0x000000009c080000)
 Metaspace       used 212002K, capacity 219774K, committed 220160K, reserved 1243136K
  class space    used 25855K, capacity 27278K, committed 27416K, reserved 1048576K
Event: 1794.795 GC heap after
Heap after GC invocations=39 (full 6):
 PSYoungGen      total 542208K, used 52066K [0x00000000d5580000, 0x00000000ff900000, 0x0000000100000000)
  eden space 386560K, 0% used [0x00000000d5580000,0x00000000d5580000,0x00000000ecf00000)
  from space 155648K, 33% used [0x00000000ecf00000,0x00000000f01d8970,0x00000000f6700000)
  to   space 149504K, 0% used [0x00000000f6700000,0x00000000f6700000,0x00000000ff900000)
 ParOldGen       total 459264K, used 171478K [0x0000000080000000, 0x000000009c080000, 0x00000000d5580000)
  object space 459264K, 37% used [0x0000000080000000,0x000000008a775a10,0x000000009c080000)
 Metaspace       used 212002K, capacity 219774K, committed 220160K, reserved 1243136K
  class space    used 25855K, capacity 27278K, committed 27416K, reserved 1048576K
}
Event: 1804.944 GC heap before
{Heap before GC invocations=40 (full 6):
 PSYoungGen      total 542208K, used 438626K [0x00000000d5580000, 0x00000000ff900000, 0x0000000100000000)
  eden space 386560K, 100% used [0x00000000d5580000,0x00000000ecf00000,0x00000000ecf00000)
  from space 155648K, 33% used [0x00000000ecf00000,0x00000000f01d8970,0x00000000f6700000)
  to   space 149504K, 0% used [0x00000000f6700000,0x00000000f6700000,0x00000000ff900000)
 ParOldGen       total 459264K, used 171478K [0x0000000080000000, 0x000000009c080000, 0x00000000d5580000)
  object space 459264K, 37% used [0x0000000080000000,0x000000008a775a10,0x000000009c080000)
 Metaspace       used 225071K, capacity 232990K, committed 233216K, reserved 1253376K
  class space    used 27393K, capacity 28854K, committed 28952K, reserved 1048576K
Event: 1805.108 GC heap after
Heap after GC invocations=40 (full 6):
 PSYoungGen      total 506368K, used 146711K [0x00000000d5580000, 0x0000000100000000, 0x0000000100000000)
  eden space 356864K, 0% used [0x00000000d5580000,0x00000000d5580000,0x00000000eb200000)
  from space 149504K, 98% used [0x00000000f6700000,0x00000000ff645fa0,0x00000000ff900000)
  to   space 171008K, 0% used [0x00000000eb200000,0x00000000eb200000,0x00000000f5900000)
 ParOldGen       total 459264K, used 171486K [0x0000000080000000, 0x000000009c080000, 0x00000000d5580000)
  object space 459264K, 37% used [0x0000000080000000,0x000000008a777a10,0x000000009c080000)
 Metaspace       used 225071K, capacity 232990K, committed 233216K, reserved 1253376K
  class space    used 27393K, capacity 28854K, committed 28952K, reserved 1048576K
}
Event: 1815.274 GC heap before
{Heap before GC invocations=41 (full 6):
 PSYoungGen      total 506368K, used 503575K [0x00000000d5580000, 0x0000000100000000, 0x0000000100000000)
  eden space 356864K, 100% used [0x00000000d5580000,0x00000000eb200000,0x00000000eb200000)
  from space 149504K, 98% used [0x00000000f6700000,0x00000000ff645fa0,0x00000000ff900000)
  to   space 171008K, 0% used [0x00000000eb200000,0x00000000eb200000,0x00000000f5900000)
 ParOldGen       total 459264K, used 171486K [0x0000000080000000, 0x000000009c080000, 0x00000000d5580000)
  object space 459264K, 37% used [0x0000000080000000,0x000000008a777a10,0x000000009c080000)
 Metaspace       used 225242K, capacity 233140K, committed 233472K, reserved 1253376K
  class space    used 27396K, capacity 28857K, committed 28952K, reserved 1048576K
Event: 1815.321 GC heap after
Heap after GC invocations=41 (full 6):
 PSYoungGen      total 527872K, used 52664K [0x00000000d5580000, 0x0000000100000000, 0x0000000100000000)
  eden space 356864K, 0% used [0x00000000d5580000,0x00000000d5580000,0x00000000eb200000)
  from space 171008K, 30% used [0x00000000eb200000,0x00000000ee56e360,0x00000000f5900000)
  to   space 165376K, 0% used [0x00000000f5e80000,0x00000000f5e80000,0x0000000100000000)
 ParOldGen       total 459264K, used 171494K [0x0000000080000000, 0x000000009c080000, 0x00000000d5580000)
  object space 459264K, 37% used [0x0000000080000000,0x000000008a779a10,0x000000009c080000)
 Metaspace       used 225242K, capacity 233140K, committed 233472K, reserved 1253376K
  class space    used 27396K, capacity 28857K, committed 28952K, reserved 1048576K
}
Event: 5290.644 GC heap before
{Heap before GC invocations=42 (full 6):
 PSYoungGen      total 527872K, used 409528K [0x00000000d5580000, 0x0000000100000000, 0x0000000100000000)
  eden space 356864K, 100% used [0x00000000d5580000,0x00000000eb200000,0x00000000eb200000)
  from space 171008K, 30% used [0x00000000eb200000,0x00000000ee56e360,0x00000000f5900000)
  to   space 165376K, 0% used [0x00000000f5e80000,0x00000000f5e80000,0x0000000100000000)
 ParOldGen       total 459264K, used 171494K [0x0000000080000000, 0x000000009c080000, 0x00000000d5580000)
  object space 459264K, 37% used [0x0000000080000000,0x000000008a779a10,0x000000009c080000)
 Metaspace       used 225423K, capacity 233366K, committed 233472K, reserved 1253376K
  class space    used 27398K, capacity 28862K, committed 28952K, reserved 1048576K
Event: 5290.709 GC heap after
Heap after GC invocations=42 (full 6):
 PSYoungGen      total 512000K, used 47149K [0x00000000d5580000, 0x00000000ff080000, 0x0000000100000000)
  eden space 362496K, 0% used [0x00000000d5580000,0x00000000d5580000,0x00000000eb780000)
  from space 149504K, 31% used [0x00000000f5e80000,0x00000000f8c8b4d8,0x00000000ff080000)
  to   space 160256K, 0% used [0x00000000eb780000,0x00000000eb780000,0x00000000f5400000)
 ParOldGen       total 459264K, used 171502K [0x0000000080000000, 0x000000009c080000, 0x00000000d5580000)
  object space 459264K, 37% used [0x0000000080000000,0x000000008a77ba10,0x000000009c080000)
 Metaspace       used 225423K, capacity 233366K, committed 233472K, reserved 1253376K
  class space    used 27398K, capacity 28862K, committed 28952K, reserved 1048576K
}
Event: 5295.848 GC heap before
{Heap before GC invocations=43 (full 6):
 PSYoungGen      total 512000K, used 409645K [0x00000000d5580000, 0x00000000ff080000, 0x0000000100000000)
  eden space 362496K, 100% used [0x00000000d5580000,0x00000000eb780000,0x00000000eb780000)
  from space 149504K, 31% used [0x00000000f5e80000,0x00000000f8c8b4d8,0x00000000ff080000)
  to   space 160256K, 0% used [0x00000000eb780000,0x00000000eb780000,0x00000000f5400000)
 ParOldGen       total 459264K, used 171502K [0x0000000080000000, 0x000000009c080000, 0x00000000d5580000)
  object space 459264K, 37% used [0x0000000080000000,0x000000008a77ba10,0x000000009c080000)
 Metaspace       used 238445K, capacity 246518K, committed 246784K, reserved 1265664K
  class space    used 28936K, capacity 30438K, committed 30488K, reserved 1048576K
Event: 5296.151 GC heap after
Heap after GC invocations=43 (full 6):
 PSYoungGen      total 504320K, used 141809K [0x00000000d5580000, 0x0000000100000000, 0x0000000100000000)
  eden space 362496K, 0% used [0x00000000d5580000,0x00000000d5580000,0x00000000eb780000)
  from space 141824K, 99% used [0x00000000eb780000,0x00000000f41fc720,0x00000000f4200000)
  to   space 177664K, 0% used [0x00000000f5280000,0x00000000f5280000,0x0000000100000000)
 ParOldGen       total 459264K, used 171510K [0x0000000080000000, 0x000000009c080000, 0x00000000d5580000)
  object space 459264K, 37% used [0x0000000080000000,0x000000008a77da10,0x000000009c080000)
 Metaspace       used 238445K, capacity 246518K, committed 246784K, reserved 1265664K
  class space    used 28936K, capacity 30438K, committed 30488K, reserved 1048576K
}

